{"/Users/eshortis/workspaces/personal/mongo-utils/index.js":{"path":"/Users/eshortis/workspaces/personal/mongo-utils/index.js","s":{"1":4,"2":4,"3":4,"4":4,"5":2,"6":4,"7":29,"8":4,"9":3,"10":4,"11":3,"12":3,"13":3,"14":3,"15":3,"16":0,"17":0,"18":0,"19":3,"20":3,"21":1,"22":2,"23":2,"24":3,"25":3,"26":3,"27":1,"28":3,"29":3,"30":4,"31":36,"32":35,"33":34,"34":3,"35":3,"36":34,"37":34,"38":1,"39":34,"40":5,"41":3,"42":1,"43":2,"44":2,"45":1,"46":2,"47":1,"48":1,"49":1,"50":1,"51":35,"52":2,"53":2,"54":33,"55":33,"56":33,"57":35,"58":35,"59":34,"60":34,"61":1,"62":1,"63":0,"64":1,"65":34,"66":44,"67":44,"68":1,"69":43,"70":34,"71":4,"72":1,"73":0,"74":0,"75":0,"76":1,"77":1,"78":1,"79":3,"80":1,"81":2,"82":1,"83":4,"84":1,"85":3,"86":3,"87":4,"88":34,"89":1,"90":2,"91":34,"92":3,"93":3,"94":3,"95":3,"96":1,"97":3,"98":0,"99":3,"100":3,"101":34},"b":{"1":[1,2],"2":[1,2],"3":[3,31],"4":[34,31],"5":[3,2],"6":[1,2],"7":[1,1],"8":[2,33],"9":[0,1],"10":[1,43],"11":[4,1],"12":[0,1],"13":[1,2],"14":[1,3],"15":[0,3]},"f":{"1":2,"2":29,"3":3,"4":3,"5":3,"6":0,"7":3,"8":3,"9":36,"10":1,"11":5,"12":35,"13":35,"14":1,"15":1,"16":44,"17":44,"18":4,"19":1,"20":3,"21":4,"22":1,"23":2,"24":3,"25":3,"26":3},"fnMap":{"1":{"name":"(anonymous_1)","line":39,"loc":{"start":{"line":39,"column":26},"end":{"line":39,"column":38}}},"2":{"name":"(anonymous_2)","line":50,"loc":{"start":{"line":50,"column":27},"end":{"line":50,"column":39}}},"3":{"name":"(anonymous_3)","line":60,"loc":{"start":{"line":60,"column":27},"end":{"line":60,"column":39}}},"4":{"name":"(anonymous_4)","line":70,"loc":{"start":{"line":70,"column":42},"end":{"line":70,"column":65}}},"5":{"name":"(anonymous_5)","line":75,"loc":{"start":{"line":75,"column":15},"end":{"line":75,"column":33}}},"6":{"name":"(anonymous_6)","line":83,"loc":{"start":{"line":83,"column":21},"end":{"line":83,"column":36}}},"7":{"name":"pipeMongoEntry","line":89,"loc":{"start":{"line":89,"column":20},"end":{"line":89,"column":52}}},"8":{"name":"onMongoStreamComplete","line":103,"loc":{"start":{"line":103,"column":19},"end":{"line":103,"column":53}}},"9":{"name":"(anonymous_9)","line":121,"loc":{"start":{"line":121,"column":29},"end":{"line":121,"column":47}}},"10":{"name":"(anonymous_10)","line":169,"loc":{"start":{"line":169,"column":27},"end":{"line":169,"column":39}}},"11":{"name":"(anonymous_11)","line":178,"loc":{"start":{"line":178,"column":23},"end":{"line":178,"column":47}}},"12":{"name":"connect","line":206,"loc":{"start":{"line":206,"column":2},"end":{"line":206,"column":30}}},"13":{"name":"onConnected","line":208,"loc":{"start":{"line":208,"column":4},"end":{"line":208,"column":34}}},"14":{"name":"(anonymous_14)","line":241,"loc":{"start":{"line":241,"column":24},"end":{"line":241,"column":50}}},"15":{"name":"(anonymous_15)","line":242,"loc":{"start":{"line":242,"column":24},"end":{"line":242,"column":44}}},"16":{"name":"returnCollection","line":258,"loc":{"start":{"line":258,"column":4},"end":{"line":258,"column":53}}},"17":{"name":"(anonymous_17)","line":259,"loc":{"start":{"line":259,"column":19},"end":{"line":259,"column":31}}},"18":{"name":"(anonymous_18)","line":277,"loc":{"start":{"line":277,"column":18},"end":{"line":277,"column":38}}},"19":{"name":"getDbInfoDefaultCallback","line":279,"loc":{"start":{"line":279,"column":27},"end":{"line":279,"column":73}}},"20":{"name":"onDbOpened","line":290,"loc":{"start":{"line":290,"column":4},"end":{"line":290,"column":34}}},"21":{"name":"onConnected","line":298,"loc":{"start":{"line":298,"column":4},"end":{"line":298,"column":34}}},"22":{"name":"(anonymous_22)","line":318,"loc":{"start":{"line":318,"column":43},"end":{"line":322,"column":6}}},"23":{"name":"(anonymous_23)","line":324,"loc":{"start":{"line":324,"column":18},"end":{"line":324,"column":32}}},"24":{"name":"(anonymous_24)","line":338,"loc":{"start":{"line":338,"column":27},"end":{"line":338,"column":57}}},"25":{"name":"(anonymous_25)","line":349,"loc":{"start":{"line":349,"column":11},"end":{"line":349,"column":23}}},"26":{"name":"onCollection","line":361,"loc":{"start":{"line":361,"column":6},"end":{"line":361,"column":46}}}},"statementMap":{"1":{"start":{"line":3,"column":0},"end":{"line":14,"column":22}},"2":{"start":{"line":22,"column":0},"end":{"line":22,"column":33}},"3":{"start":{"line":29,"column":0},"end":{"line":29,"column":21}},"4":{"start":{"line":39,"column":0},"end":{"line":41,"column":2}},"5":{"start":{"line":40,"column":2},"end":{"line":40,"column":19}},"6":{"start":{"line":50,"column":0},"end":{"line":52,"column":2}},"7":{"start":{"line":51,"column":2},"end":{"line":51,"column":20}},"8":{"start":{"line":60,"column":0},"end":{"line":62,"column":2}},"9":{"start":{"line":61,"column":2},"end":{"line":61,"column":19}},"10":{"start":{"line":70,"column":0},"end":{"line":112,"column":2}},"11":{"start":{"line":72,"column":2},"end":{"line":73,"column":24}},"12":{"start":{"line":75,"column":2},"end":{"line":77,"column":5}},"13":{"start":{"line":76,"column":4},"end":{"line":76,"column":62}},"14":{"start":{"line":79,"column":2},"end":{"line":81,"column":5}},"15":{"start":{"line":83,"column":2},"end":{"line":87,"column":5}},"16":{"start":{"line":84,"column":4},"end":{"line":84,"column":43}},"17":{"start":{"line":85,"column":4},"end":{"line":85,"column":26}},"18":{"start":{"line":86,"column":4},"end":{"line":86,"column":21}},"19":{"start":{"line":89,"column":2},"end":{"line":101,"column":5}},"20":{"start":{"line":90,"column":4},"end":{"line":98,"column":5}},"21":{"start":{"line":93,"column":6},"end":{"line":93,"column":21}},"22":{"start":{"line":96,"column":6},"end":{"line":96,"column":21}},"23":{"start":{"line":97,"column":6},"end":{"line":97,"column":25}},"24":{"start":{"line":100,"column":4},"end":{"line":100,"column":37}},"25":{"start":{"line":103,"column":2},"end":{"line":111,"column":5}},"26":{"start":{"line":104,"column":4},"end":{"line":107,"column":5}},"27":{"start":{"line":106,"column":6},"end":{"line":106,"column":21}},"28":{"start":{"line":109,"column":4},"end":{"line":109,"column":19}},"29":{"start":{"line":110,"column":4},"end":{"line":110,"column":14}},"30":{"start":{"line":121,"column":0},"end":{"line":377,"column":2}},"31":{"start":{"line":123,"column":2},"end":{"line":127,"column":4}},"32":{"start":{"line":129,"column":2},"end":{"line":133,"column":4}},"33":{"start":{"line":135,"column":2},"end":{"line":147,"column":3}},"34":{"start":{"line":136,"column":4},"end":{"line":140,"column":6}},"35":{"start":{"line":142,"column":4},"end":{"line":146,"column":6}},"36":{"start":{"line":150,"column":2},"end":{"line":162,"column":7}},"37":{"start":{"line":169,"column":2},"end":{"line":171,"column":4}},"38":{"start":{"line":170,"column":4},"end":{"line":170,"column":18}},"39":{"start":{"line":178,"column":2},"end":{"line":199,"column":4}},"40":{"start":{"line":179,"column":4},"end":{"line":198,"column":5}},"41":{"start":{"line":181,"column":6},"end":{"line":192,"column":7}},"42":{"start":{"line":182,"column":8},"end":{"line":182,"column":32}},"43":{"start":{"line":184,"column":8},"end":{"line":191,"column":9}},"44":{"start":{"line":185,"column":10},"end":{"line":185,"column":43}},"45":{"start":{"line":187,"column":10},"end":{"line":190,"column":12}},"46":{"start":{"line":194,"column":11},"end":{"line":198,"column":5}},"47":{"start":{"line":195,"column":6},"end":{"line":195,"column":25}},"48":{"start":{"line":197,"column":6},"end":{"line":197,"column":16}},"49":{"start":{"line":206,"column":2},"end":{"line":226,"column":3}},"50":{"start":{"line":208,"column":4},"end":{"line":221,"column":5}},"51":{"start":{"line":209,"column":6},"end":{"line":220,"column":7}},"52":{"start":{"line":210,"column":8},"end":{"line":210,"column":55}},"53":{"start":{"line":212,"column":8},"end":{"line":215,"column":10}},"54":{"start":{"line":217,"column":8},"end":{"line":217,"column":17}},"55":{"start":{"line":218,"column":8},"end":{"line":218,"column":69}},"56":{"start":{"line":219,"column":8},"end":{"line":219,"column":26}},"57":{"start":{"line":223,"column":4},"end":{"line":223,"column":66}},"58":{"start":{"line":225,"column":4},"end":{"line":225,"column":54}},"59":{"start":{"line":233,"column":2},"end":{"line":233,"column":24}},"60":{"start":{"line":241,"column":2},"end":{"line":249,"column":4}},"61":{"start":{"line":242,"column":4},"end":{"line":248,"column":7}},"62":{"start":{"line":243,"column":6},"end":{"line":247,"column":7}},"63":{"start":{"line":244,"column":8},"end":{"line":244,"column":68}},"64":{"start":{"line":246,"column":8},"end":{"line":246,"column":33}},"65":{"start":{"line":257,"column":2},"end":{"line":270,"column":4}},"66":{"start":{"line":259,"column":6},"end":{"line":268,"column":9}},"67":{"start":{"line":260,"column":8},"end":{"line":267,"column":9}},"68":{"start":{"line":261,"column":10},"end":{"line":264,"column":12}},"69":{"start":{"line":266,"column":10},"end":{"line":266,"column":48}},"70":{"start":{"line":277,"column":2},"end":{"line":315,"column":4}},"71":{"start":{"line":279,"column":4},"end":{"line":288,"column":6}},"72":{"start":{"line":280,"column":6},"end":{"line":287,"column":7}},"73":{"start":{"line":281,"column":8},"end":{"line":281,"column":43}},"74":{"start":{"line":282,"column":8},"end":{"line":282,"column":30}},"75":{"start":{"line":283,"column":8},"end":{"line":283,"column":25}},"76":{"start":{"line":285,"column":8},"end":{"line":285,"column":37}},"77":{"start":{"line":286,"column":8},"end":{"line":286,"column":45}},"78":{"start":{"line":290,"column":4},"end":{"line":296,"column":5}},"79":{"start":{"line":291,"column":6},"end":{"line":295,"column":7}},"80":{"start":{"line":292,"column":8},"end":{"line":292,"column":60}},"81":{"start":{"line":294,"column":8},"end":{"line":294,"column":39}},"82":{"start":{"line":298,"column":4},"end":{"line":312,"column":5}},"83":{"start":{"line":299,"column":6},"end":{"line":311,"column":7}},"84":{"start":{"line":300,"column":8},"end":{"line":303,"column":10}},"85":{"start":{"line":305,"column":8},"end":{"line":305,"column":51}},"86":{"start":{"line":307,"column":8},"end":{"line":310,"column":27}},"87":{"start":{"line":314,"column":4},"end":{"line":314,"column":34}},"88":{"start":{"line":318,"column":2},"end":{"line":328,"column":4}},"89":{"start":{"line":324,"column":4},"end":{"line":326,"column":7}},"90":{"start":{"line":325,"column":6},"end":{"line":325,"column":67}},"91":{"start":{"line":338,"column":2},"end":{"line":373,"column":4}},"92":{"start":{"line":340,"column":4},"end":{"line":347,"column":6}},"93":{"start":{"line":349,"column":4},"end":{"line":371,"column":6}},"94":{"start":{"line":351,"column":6},"end":{"line":352,"column":65}},"95":{"start":{"line":354,"column":6},"end":{"line":359,"column":8}},"96":{"start":{"line":361,"column":6},"end":{"line":368,"column":7}},"97":{"start":{"line":362,"column":8},"end":{"line":367,"column":9}},"98":{"start":{"line":363,"column":10},"end":{"line":363,"column":70}},"99":{"start":{"line":366,"column":10},"end":{"line":366,"column":50}},"100":{"start":{"line":370,"column":6},"end":{"line":370,"column":50}},"101":{"start":{"line":376,"column":2},"end":{"line":376,"column":13}}},"branchMap":{"1":{"line":90,"type":"if","locations":[{"start":{"line":90,"column":4},"end":{"line":90,"column":4}},{"start":{"line":90,"column":4},"end":{"line":90,"column":4}}]},"2":{"line":104,"type":"if","locations":[{"start":{"line":104,"column":4},"end":{"line":104,"column":4}},{"start":{"line":104,"column":4},"end":{"line":104,"column":4}}]},"3":{"line":135,"type":"if","locations":[{"start":{"line":135,"column":2},"end":{"line":135,"column":2}},{"start":{"line":135,"column":2},"end":{"line":135,"column":2}}]},"4":{"line":159,"type":"binary-expr","locations":[{"start":{"line":159,"column":11},"end":{"line":159,"column":32}},{"start":{"line":159,"column":36},"end":{"line":159,"column":37}}]},"5":{"line":179,"type":"if","locations":[{"start":{"line":179,"column":4},"end":{"line":179,"column":4}},{"start":{"line":179,"column":4},"end":{"line":179,"column":4}}]},"6":{"line":181,"type":"if","locations":[{"start":{"line":181,"column":6},"end":{"line":181,"column":6}},{"start":{"line":181,"column":6},"end":{"line":181,"column":6}}]},"7":{"line":194,"type":"if","locations":[{"start":{"line":194,"column":11},"end":{"line":194,"column":11}},{"start":{"line":194,"column":11},"end":{"line":194,"column":11}}]},"8":{"line":209,"type":"if","locations":[{"start":{"line":209,"column":6},"end":{"line":209,"column":6}},{"start":{"line":209,"column":6},"end":{"line":209,"column":6}}]},"9":{"line":243,"type":"if","locations":[{"start":{"line":243,"column":6},"end":{"line":243,"column":6}},{"start":{"line":243,"column":6},"end":{"line":243,"column":6}}]},"10":{"line":260,"type":"if","locations":[{"start":{"line":260,"column":8},"end":{"line":260,"column":8}},{"start":{"line":260,"column":8},"end":{"line":260,"column":8}}]},"11":{"line":279,"type":"binary-expr","locations":[{"start":{"line":279,"column":15},"end":{"line":279,"column":23}},{"start":{"line":279,"column":27},"end":{"line":288,"column":5}}]},"12":{"line":280,"type":"if","locations":[{"start":{"line":280,"column":6},"end":{"line":280,"column":6}},{"start":{"line":280,"column":6},"end":{"line":280,"column":6}}]},"13":{"line":291,"type":"if","locations":[{"start":{"line":291,"column":6},"end":{"line":291,"column":6}},{"start":{"line":291,"column":6},"end":{"line":291,"column":6}}]},"14":{"line":299,"type":"if","locations":[{"start":{"line":299,"column":6},"end":{"line":299,"column":6}},{"start":{"line":299,"column":6},"end":{"line":299,"column":6}}]},"15":{"line":362,"type":"if","locations":[{"start":{"line":362,"column":8},"end":{"line":362,"column":8}},{"start":{"line":362,"column":8},"end":{"line":362,"column":8}}]}}}}