TN:
SF:/Users/eshortis/workspaces/personal/mongo-utils/index.js
FN:39,(anonymous_1)
FN:50,(anonymous_2)
FN:60,(anonymous_3)
FN:70,(anonymous_4)
FN:75,(anonymous_5)
FN:83,(anonymous_6)
FN:89,pipeMongoEntry
FN:103,onMongoStreamComplete
FN:121,(anonymous_9)
FN:169,(anonymous_10)
FN:178,(anonymous_11)
FN:206,connect
FN:208,onConnected
FN:241,(anonymous_14)
FN:242,(anonymous_15)
FN:258,returnCollection
FN:259,(anonymous_17)
FN:277,(anonymous_18)
FN:279,getDbInfoDefaultCallback
FN:290,onDbOpened
FN:298,onConnected
FN:318,(anonymous_22)
FN:324,(anonymous_23)
FN:338,(anonymous_24)
FN:349,(anonymous_25)
FN:361,onCollection
FNF:26
FNH:25
FNDA:2,(anonymous_1)
FNDA:29,(anonymous_2)
FNDA:3,(anonymous_3)
FNDA:3,(anonymous_4)
FNDA:3,(anonymous_5)
FNDA:0,(anonymous_6)
FNDA:3,pipeMongoEntry
FNDA:3,onMongoStreamComplete
FNDA:36,(anonymous_9)
FNDA:1,(anonymous_10)
FNDA:5,(anonymous_11)
FNDA:35,connect
FNDA:35,onConnected
FNDA:1,(anonymous_14)
FNDA:1,(anonymous_15)
FNDA:44,returnCollection
FNDA:44,(anonymous_17)
FNDA:4,(anonymous_18)
FNDA:1,getDbInfoDefaultCallback
FNDA:3,onDbOpened
FNDA:4,onConnected
FNDA:1,(anonymous_22)
FNDA:2,(anonymous_23)
FNDA:3,(anonymous_24)
FNDA:3,(anonymous_25)
FNDA:3,onCollection
DA:3,4
DA:22,4
DA:29,4
DA:39,4
DA:40,2
DA:50,4
DA:51,29
DA:60,4
DA:61,3
DA:70,4
DA:72,3
DA:75,3
DA:76,3
DA:79,3
DA:83,3
DA:84,0
DA:85,0
DA:86,0
DA:89,3
DA:90,3
DA:93,1
DA:96,2
DA:97,2
DA:100,3
DA:103,3
DA:104,3
DA:106,1
DA:109,3
DA:110,3
DA:121,4
DA:123,36
DA:129,35
DA:135,34
DA:136,3
DA:142,3
DA:150,34
DA:169,34
DA:170,1
DA:178,34
DA:179,5
DA:181,3
DA:182,1
DA:184,2
DA:185,2
DA:187,1
DA:194,2
DA:195,1
DA:197,1
DA:206,1
DA:208,1
DA:209,35
DA:210,2
DA:212,2
DA:217,33
DA:218,33
DA:219,33
DA:223,35
DA:225,35
DA:233,34
DA:241,34
DA:242,1
DA:243,1
DA:244,0
DA:246,1
DA:257,34
DA:259,44
DA:260,44
DA:261,1
DA:266,43
DA:277,34
DA:279,4
DA:280,1
DA:281,0
DA:282,0
DA:283,0
DA:285,1
DA:286,1
DA:290,1
DA:291,3
DA:292,1
DA:294,2
DA:298,1
DA:299,4
DA:300,1
DA:305,3
DA:307,3
DA:314,4
DA:318,34
DA:324,1
DA:325,2
DA:338,34
DA:340,3
DA:349,3
DA:351,3
DA:354,3
DA:361,1
DA:362,3
DA:363,0
DA:366,3
DA:370,3
DA:376,34
LF:101
LH:93
BRDA:90,1,0,1
BRDA:90,1,1,2
BRDA:104,2,0,1
BRDA:104,2,1,2
BRDA:135,3,0,3
BRDA:135,3,1,31
BRDA:159,4,0,34
BRDA:159,4,1,31
BRDA:179,5,0,3
BRDA:179,5,1,2
BRDA:181,6,0,1
BRDA:181,6,1,2
BRDA:194,7,0,1
BRDA:194,7,1,1
BRDA:209,8,0,2
BRDA:209,8,1,33
BRDA:243,9,0,0
BRDA:243,9,1,1
BRDA:260,10,0,1
BRDA:260,10,1,43
BRDA:279,11,0,4
BRDA:279,11,1,1
BRDA:280,12,0,0
BRDA:280,12,1,1
BRDA:291,13,0,1
BRDA:291,13,1,2
BRDA:299,14,0,1
BRDA:299,14,1,3
BRDA:362,15,0,0
BRDA:362,15,1,3
BRF:30
BRH:27
end_of_record
